<?xml version="1.0" encoding="UTF-8"?>
<testng-results ignored="0" total="2" passed="2" failed="0" skipped="0">
  <reporter-output>
  </reporter-output>
  <suite started-at="2026-02-13T21:38:48 IST" name="Default suite" finished-at="2026-02-13T21:38:54 IST" duration-ms="5798">
    <groups>
    </groups>
    <test started-at="2026-02-13T21:38:48 IST" name="Default test" finished-at="2026-02-13T21:38:54 IST" duration-ms="5798">
      <class name="AmodMahajan.Request_ResponseSpecificationDemo">
        <test-method signature="Request_ResponseSpecificationDeom1()[pri:0, instance:AmodMahajan.Request_ResponseSpecificationDemo@4562e04d]" started-at="2026-02-13T21:38:48 IST" name="Request_ResponseSpecificationDeom1" finished-at="2026-02-13T21:38:53 IST" duration-ms="5099" status="PASS">
          <reporter-output>
          </reporter-output>
        </test-method> <!-- Request_ResponseSpecificationDeom1 -->
        <test-method signature="Request_ResponseSpecificationDeom2()[pri:0, instance:AmodMahajan.Request_ResponseSpecificationDemo@4562e04d]" started-at="2026-02-13T21:38:53 IST" name="Request_ResponseSpecificationDeom2" finished-at="2026-02-13T21:38:54 IST" duration-ms="604" status="PASS">
          <reporter-output>
          </reporter-output>
        </test-method> <!-- Request_ResponseSpecificationDeom2 -->
      </class> <!-- AmodMahajan.Request_ResponseSpecificationDemo -->
    </test> <!-- Default test -->
  </suite> <!-- Default suite -->
</testng-results>
