<?xml version="1.0" encoding="UTF-8"?>
<!-- Generated by org.testng.reporters.JUnitXMLReporter -->
<testsuite ignored="0" hostname="dellshiva" failures="0" tests="2" name="Default test" time="5.798" errors="0" timestamp="2026-02-13T21:38:54 IST">
  <testcase classname="AmodMahajan.Request_ResponseSpecificationDemo" name="Request_ResponseSpecificationDeom1" time="5.099"/>
  <testcase classname="AmodMahajan.Request_ResponseSpecificationDemo" name="Request_ResponseSpecificationDeom2" time="0.604"/>
</testsuite> <!-- Default test -->
