<?xml version="1.0" encoding="UTF-8"?>
<!-- Generated by org.testng.reporters.JUnitReportReporter -->
<testsuite hostname="dellshiva" failures="0" tests="2" name="AmodMahajan.Request_ResponseSpecificationDemo" time="5.703" errors="0" timestamp="2026-02-13T21:38:54 IST" skipped="0">
  <testcase classname="AmodMahajan.Request_ResponseSpecificationDemo" name="Request_ResponseSpecificationDeom2" time="0.604"/>
  <testcase classname="AmodMahajan.Request_ResponseSpecificationDemo" name="Request_ResponseSpecificationDeom1" time="5.099"/>
</testsuite> <!-- AmodMahajan.Request_ResponseSpecificationDemo -->
